[WARNING] 2020-04-13 19:31:08,728 : You have chosen not to specify a method of data_cleaning in the input file. By default, any feature entries containing NaN will result in removal of the feature and any target data entries containing NaN will result in removal of that target data point.
[WARNING] 2020-04-13 19:32:15,469 : Removed 1/87 constant columns.
[WARNING] 2020-04-13 19:34:09,860 : /home/nanohub/rjiang/intromllab/bin/./generated_features_0413 not empty. Renaming...
[WARNING] 2020-04-13 19:34:09,933 : You have chosen not to specify a method of data_cleaning in the input file. By default, any feature entries containing NaN will result in removal of the feature and any target data entries containing NaN will result in removal of that target data point.
[ERROR] 2020-04-13 19:34:10,038 : A runtime exception has occured, please go to https://github.com/uw-cmg/MAST-ML/issues and post your issue.
[ERROR] 2020-04-13 19:34:10,040 : unsupported operand type(s) for /: 'str' and 'int'
Traceback (most recent call last):
  File "/apps/share64/debian7/anaconda/anaconda-6/lib/python3.7/site-packages/mastml/mastml_driver.py", line 62, in main
    mastml_run(conf_path, data_path, outdir)
  File "/apps/share64/debian7/anaconda/anaconda-6/lib/python3.7/site-packages/mastml/mastml_driver.py", line 130, in mastml_run
    n_stdevs=3)
  File "/apps/share64/debian7/anaconda/anaconda-6/lib/python3.7/site-packages/mastml/data_cleaner.py", line 34, in flag_outliers
    avg = np.average(df[col])
  File "/apps/share64/debian7/anaconda/anaconda-6/lib/python3.7/site-packages/numpy/lib/function_base.py", line 392, in average
    avg = a.mean(axis)
  File "/apps/share64/debian7/anaconda/anaconda-6/lib/python3.7/site-packages/numpy/core/_methods.py", line 87, in _mean
    ret = ret / rcount
TypeError: unsupported operand type(s) for /: 'str' and 'int'
[WARNING] 2020-04-13 19:35:17,025 : /home/nanohub/rjiang/intromllab/bin/./generated_features_0413 not empty. Renaming...
[WARNING] 2020-04-13 19:35:17,112 : You have chosen not to specify a method of data_cleaning in the input file. By default, any feature entries containing NaN will result in removal of the feature and any target data entries containing NaN will result in removal of that target data point.
[ERROR] 2020-04-13 19:35:17,220 : A runtime exception has occured, please go to https://github.com/uw-cmg/MAST-ML/issues and post your issue.
[ERROR] 2020-04-13 19:35:17,224 : unsupported operand type(s) for /: 'str' and 'int'
Traceback (most recent call last):
  File "/apps/share64/debian7/anaconda/anaconda-6/lib/python3.7/site-packages/mastml/mastml_driver.py", line 62, in main
    mastml_run(conf_path, data_path, outdir)
  File "/apps/share64/debian7/anaconda/anaconda-6/lib/python3.7/site-packages/mastml/mastml_driver.py", line 130, in mastml_run
    n_stdevs=3)
  File "/apps/share64/debian7/anaconda/anaconda-6/lib/python3.7/site-packages/mastml/data_cleaner.py", line 34, in flag_outliers
    avg = np.average(df[col])
  File "/apps/share64/debian7/anaconda/anaconda-6/lib/python3.7/site-packages/numpy/lib/function_base.py", line 392, in average
    avg = a.mean(axis)
  File "/apps/share64/debian7/anaconda/anaconda-6/lib/python3.7/site-packages/numpy/core/_methods.py", line 87, in _mean
    ret = ret / rcount
TypeError: unsupported operand type(s) for /: 'str' and 'int'
